<?xml version="1.0" encoding="UTF-8"?>
<!-- Generated by org.testng.reporters.JUnitReportReporter -->
<testsuite hostname="DESKTOP-79FQPHF" failures="0" tests="1" name="Tests.Test_InvalidLogin" time="30.736" errors="0" timestamp="2025-06-18T15:16:49 IST" skipped="0">
  <testcase classname="Tests.Test_InvalidLogin" name="testcase2" time="30.736"/>
</testsuite> <!-- Tests.Test_InvalidLogin -->
