<?xml version="1.0" encoding="UTF-8"?>
<!-- Generated by org.testng.reporters.JUnitReportReporter -->
<testsuite hostname="DESKTOP-79FQPHF" failures="0" tests="1" name="Tests.Test_ForgotPassword" time="47.305" errors="0" timestamp="2025-06-18T15:16:49 IST" skipped="0">
  <testcase classname="Tests.Test_ForgotPassword" name="testcase3" time="47.305"/>
</testsuite> <!-- Tests.Test_ForgotPassword -->
